d:\visualstudio\rgbservice\debug\rgbservice.pch
d:\visualstudio\rgbservice\debug\vc140.pdb
d:\visualstudio\rgbservice\debug\stdafx.obj
d:\visualstudio\rgbservice\debug\.netframework,version=v4.0.assemblyattributes.obj
d:\visualstudio\rgbservice\debug\.netframework,version=v4.0.assemblyattributes.asm
d:\visualstudio\rgbservice\debug\chromasdkimpl.obj
d:\visualstudio\rgbservice\debug\sampleservicemain.obj
d:\visualstudio\rgbservice\debug\sampleservice.vcxprojresolveassemblyreference.cache
d:\visualstudio\rgbservice\debug\rgbservice.pdb
d:\visualstudio\rgbservice\debug\rgbservice.exe.metagen
d:\visualstudio\rgbservice\debug\rgbservice.tlog\cl.command.1.tlog
d:\visualstudio\rgbservice\debug\rgbservice.tlog\cl.read.1.tlog
d:\visualstudio\rgbservice\debug\rgbservice.tlog\cl.write.1.tlog
d:\visualstudio\rgbservice\debug\rgbservice.tlog\link.11076-cvtres.read.1.tlog
d:\visualstudio\rgbservice\debug\rgbservice.tlog\link.11076-cvtres.write.1.tlog
d:\visualstudio\rgbservice\debug\rgbservice.tlog\link.11076-mt.read.1.tlog
d:\visualstudio\rgbservice\debug\rgbservice.tlog\link.11076-mt.write.1.tlog
d:\visualstudio\rgbservice\debug\rgbservice.tlog\link.11076-rc.read.1.tlog
d:\visualstudio\rgbservice\debug\rgbservice.tlog\link.11076-rc.write.1.tlog
d:\visualstudio\rgbservice\debug\rgbservice.tlog\link.11076.read.1.tlog
d:\visualstudio\rgbservice\debug\rgbservice.tlog\link.11076.write.1.tlog
d:\visualstudio\rgbservice\debug\rgbservice.tlog\link.12844-cvtres.read.1.tlog
d:\visualstudio\rgbservice\debug\rgbservice.tlog\link.12844-cvtres.write.1.tlog
d:\visualstudio\rgbservice\debug\rgbservice.tlog\link.12844-mt.read.1.tlog
d:\visualstudio\rgbservice\debug\rgbservice.tlog\link.12844-mt.write.1.tlog
d:\visualstudio\rgbservice\debug\rgbservice.tlog\link.12844-rc.read.1.tlog
d:\visualstudio\rgbservice\debug\rgbservice.tlog\link.12844-rc.write.1.tlog
d:\visualstudio\rgbservice\debug\rgbservice.tlog\link.12844.read.1.tlog
d:\visualstudio\rgbservice\debug\rgbservice.tlog\link.12844.write.1.tlog
d:\visualstudio\rgbservice\debug\rgbservice.tlog\link.command.1.tlog
d:\visualstudio\rgbservice\debug\rgbservice.tlog\link.read.1.tlog
d:\visualstudio\rgbservice\debug\rgbservice.tlog\link.write.1.tlog
d:\visualstudio\rgbservice\debug\rgbservice.tlog\metagen.read.1.tlog
d:\visualstudio\rgbservice\debug\rgbservice.tlog\metagen.write.1.tlog
d:\visualstudio\rgbservice\debug\rgbservice.tlog\tzres.dll.bi
