d:\visualstudio\rgbservice\debug\sampleservice.pch
d:\visualstudio\rgbservice\debug\vc140.pdb
d:\visualstudio\rgbservice\debug\stdafx.obj
d:\visualstudio\rgbservice\debug\chromasdkimpl.obj
d:\visualstudio\rgbservice\debug\.netframework,version=v4.0.assemblyattributes.obj
d:\visualstudio\rgbservice\debug\.netframework,version=v4.0.assemblyattributes.asm
d:\visualstudio\rgbservice\debug\sampleservicemain.obj
d:\visualstudio\rgbservice\debug\sampleservice.exe
d:\visualstudio\rgbservice\debug\sampleservice.pdb
d:\visualstudio\rgbservice\debug\sampleservice.vcxprojresolveassemblyreference.cache
d:\visualstudio\rgbservice\debug\sampleservice.exe.metagen
d:\visualstudio\rgbservice\debug\sampleservice.tlog\cl.command.1.tlog
d:\visualstudio\rgbservice\debug\sampleservice.tlog\cl.read.1.tlog
d:\visualstudio\rgbservice\debug\sampleservice.tlog\cl.write.1.tlog
d:\visualstudio\rgbservice\debug\sampleservice.tlog\link.command.1.tlog
d:\visualstudio\rgbservice\debug\sampleservice.tlog\link.read.1.tlog
d:\visualstudio\rgbservice\debug\sampleservice.tlog\link.write.1.tlog
d:\visualstudio\rgbservice\debug\sampleservice.tlog\metagen.read.1.tlog
d:\visualstudio\rgbservice\debug\sampleservice.tlog\metagen.write.1.tlog
d:\visualstudio\rgbservice\debug\sampleservice.tlog\tzres.dll.bi
