d:\dropbox\pcdesktop\officialsample-master\razerchromasampleapplication\debug\razerchromasampleapplication.pch
d:\dropbox\pcdesktop\officialsample-master\razerchromasampleapplication\debug\vc140.pdb
d:\dropbox\pcdesktop\officialsample-master\razerchromasampleapplication\debug\stdafx.obj
d:\dropbox\pcdesktop\officialsample-master\razerchromasampleapplication\debug\tutorialdlg.obj
d:\dropbox\pcdesktop\officialsample-master\razerchromasampleapplication\debug\sampleapplicationpropertysheet.obj
d:\dropbox\pcdesktop\officialsample-master\razerchromasampleapplication\debug\razerchromasampleapplication.obj
d:\dropbox\pcdesktop\officialsample-master\razerchromasampleapplication\debug\healthammomanadlg.obj
d:\dropbox\pcdesktop\officialsample-master\razerchromasampleapplication\debug\headsetpage.obj
d:\dropbox\pcdesktop\officialsample-master\razerchromasampleapplication\debug\cooldowntimerdlg.obj
d:\dropbox\pcdesktop\officialsample-master\razerchromasampleapplication\debug\chromasdkimpl.obj
d:\dropbox\pcdesktop\officialsample-master\razerchromasampleapplication\debug\arcpage.obj
d:\dropbox\pcdesktop\officialsample-master\razerchromasampleapplication\debug\ambienteffectdlg.obj
d:\dropbox\pcdesktop\officialsample-master\razerchromasampleapplication\debug\alertdlg.obj
d:\dropbox\pcdesktop\officialsample-master\razerchromasampleapplication\debug\.netframework,version=v4.0.assemblyattributes.obj
d:\dropbox\pcdesktop\officialsample-master\razerchromasampleapplication\debug\.netframework,version=v4.0.assemblyattributes.asm
d:\dropbox\pcdesktop\officialsample-master\debug\razerchromasampleapplication.exe
d:\dropbox\pcdesktop\officialsample-master\debug\razerchromasampleapplication.pdb
d:\dropbox\pcdesktop\officialsample-master\razerchromasampleapplication\debug\razerchromasampleapplication.res
d:\dropbox\pcdesktop\officialsample-master\razerchromasampleapplication\debug\razerchromasampleapplication.vcxprojresolveassemblyreference.cache
d:\dropbox\pcdesktop\officialsample-master\razerchromasampleapplication\debug\razerchr.42b08f97.tlog\cl.command.1.tlog
d:\dropbox\pcdesktop\officialsample-master\razerchromasampleapplication\debug\razerchr.42b08f97.tlog\cl.read.1.tlog
d:\dropbox\pcdesktop\officialsample-master\razerchromasampleapplication\debug\razerchr.42b08f97.tlog\cl.write.1.tlog
d:\dropbox\pcdesktop\officialsample-master\razerchromasampleapplication\debug\razerchr.42b08f97.tlog\link.command.1.tlog
d:\dropbox\pcdesktop\officialsample-master\razerchromasampleapplication\debug\razerchr.42b08f97.tlog\link.read.1.tlog
d:\dropbox\pcdesktop\officialsample-master\razerchromasampleapplication\debug\razerchr.42b08f97.tlog\link.write.1.tlog
d:\dropbox\pcdesktop\officialsample-master\razerchromasampleapplication\debug\razerchr.42b08f97.tlog\metagen.read.1.tlog
d:\dropbox\pcdesktop\officialsample-master\razerchromasampleapplication\debug\razerchr.42b08f97.tlog\metagen.write.1.tlog
d:\dropbox\pcdesktop\officialsample-master\razerchromasampleapplication\debug\razerchr.42b08f97.tlog\rc.command.1.tlog
d:\dropbox\pcdesktop\officialsample-master\razerchromasampleapplication\debug\razerchr.42b08f97.tlog\rc.read.1.tlog
d:\dropbox\pcdesktop\officialsample-master\razerchromasampleapplication\debug\razerchr.42b08f97.tlog\rc.write.1.tlog
d:\dropbox\pcdesktop\officialsample-master\razerchromasampleapplication\debug\razerchr.42b08f97.tlog\tzres.dll.bi
